<?xml version="1.0" encoding="UTF-8"?>
<testsuite name="com.example.proyectocancha.ui.viewmodel.AuthViewModelTest" tests="5" skipped="0" failures="0" errors="0" timestamp="2025-11-21T02:54:14.525Z" hostname="MARROU" time="1.012">
  <properties/>
  <testcase name="submitLogin con credenciales invalidas actualiza estado a error" classname="com.example.proyectocancha.ui.viewmodel.AuthViewModelTest" time="0.978"/>
  <testcase name="submitRegister con email existente actualiza estado a error" classname="com.example.proyectocancha.ui.viewmodel.AuthViewModelTest" time="0.017"/>
  <testcase name="submitLogin con credenciales validas actualiza estado a success" classname="com.example.proyectocancha.ui.viewmodel.AuthViewModelTest" time="0.004"/>
  <testcase name="submitRegister con datos validos actualiza estado a success" classname="com.example.proyectocancha.ui.viewmodel.AuthViewModelTest" time="0.012"/>
  <testcase name="onRegisterPassChange con contraseñas que no coinciden actualiza error" classname="com.example.proyectocancha.ui.viewmodel.AuthViewModelTest" time="0.001"/>
  <system-out><![CDATA[]]></system-out>
  <system-err><![CDATA[WARNING: A Java agent has been loaded dynamically (C:\Users\kurau\.gradle\caches\modules-2\files-2.1\net.bytebuddy\byte-buddy-agent\1.14.17\e3c251a39dc90badaf71c83427ba46840f219d8d\byte-buddy-agent-1.14.17.jar)
WARNING: If a serviceability tool is in use, please run with -XX:+EnableDynamicAgentLoading to hide this warning
WARNING: If a serviceability tool is not in use, please run with -Djdk.instrument.traceUsage for more information
WARNING: Dynamic loading of agents will be disallowed by default in a future release
]]></system-err>
</testsuite>
