<?xml version="1.0" encoding="UTF-8"?>
<testsuite name="com.example.proyectocancha.ui.viewmodel.ChangePasswordViewModelTest" tests="3" skipped="0" failures="0" errors="0" timestamp="2025-11-24T16:59:46.945Z" hostname="SAMUEL" time="2.581">
  <properties/>
  <testcase name="changePassword - con contraseña actual incorrecta - muestra error" classname="com.example.proyectocancha.ui.viewmodel.ChangePasswordViewModelTest" time="2.308"/>
  <testcase name="changePassword - con datos válidos - actualiza la contraseña con éxito" classname="com.example.proyectocancha.ui.viewmodel.ChangePasswordViewModelTest" time="0.211"/>
  <testcase name="changePassword - cuando el repositorio falla - muestra error" classname="com.example.proyectocancha.ui.viewmodel.ChangePasswordViewModelTest" time="0.061"/>
  <system-out><![CDATA[]]></system-out>
  <system-err><![CDATA[WARNING: A Java agent has been loaded dynamically (C:\Users\samue\.gradle\caches\modules-2\files-2.1\net.bytebuddy\byte-buddy-agent\1.14.17\e3c251a39dc90badaf71c83427ba46840f219d8d\byte-buddy-agent-1.14.17.jar)
WARNING: If a serviceability tool is in use, please run with -XX:+EnableDynamicAgentLoading to hide this warning
WARNING: If a serviceability tool is not in use, please run with -Djdk.instrument.traceUsage for more information
WARNING: Dynamic loading of agents will be disallowed by default in a future release
]]></system-err>
</testsuite>
