<?xml version="1.0" encoding="UTF-8"?>
<testsuite name="com.example.proyectocancha.ui.viewmodel.ProfileViewModelTest" tests="2" skipped="0" failures="0" errors="0" timestamp="2025-11-24T19:20:47.332Z" hostname="MARROU" time="0.841">
  <properties/>
  <testcase name="init - cuando no hay usuario logueado - el estado está vacío" classname="com.example.proyectocancha.ui.viewmodel.ProfileViewModelTest" time="0.812"/>
  <testcase name="init - cuando hay un usuario logueado - se carga su información" classname="com.example.proyectocancha.ui.viewmodel.ProfileViewModelTest" time="0.028"/>
  <system-out><![CDATA[]]></system-out>
  <system-err><![CDATA[WARNING: A Java agent has been loaded dynamically (C:\Users\kurau\.gradle\caches\modules-2\files-2.1\net.bytebuddy\byte-buddy-agent\1.14.17\e3c251a39dc90badaf71c83427ba46840f219d8d\byte-buddy-agent-1.14.17.jar)
WARNING: If a serviceability tool is in use, please run with -XX:+EnableDynamicAgentLoading to hide this warning
WARNING: If a serviceability tool is not in use, please run with -Djdk.instrument.traceUsage for more information
WARNING: Dynamic loading of agents will be disallowed by default in a future release
]]></system-err>
</testsuite>
