<?xml version='1.0' encoding='UTF-8' ?>
<testsuite name="com.example.proyectocancha.ExampleInstrumentedTest" tests="1" failures="0" errors="0" skipped="0" time="1.008" timestamp="2025-11-21T02:57:58" hostname="localhost">
  <properties>
    <property name="device" value="Medium_Phone(AVD) - 16" />
    <property name="flavor" value="" />
    <property name="project" value=":app" />
  </properties>
  <testcase name="useAppContext" classname="com.example.proyectocancha.ExampleInstrumentedTest" time="0.008" />
</testsuite>